Flow report for FPALU
Sat Nov 03 12:02:07 2018
Quartus Prime Version 18.1.0 Build 625 09/12/2018 SJ Lite Edition


---------------------
; Table of Contents ;
---------------------
  1. Legal Notice
  2. Flow Summary
  3. Flow Settings
  4. Flow Non-Default Global Settings
  5. Flow Elapsed Time
  6. Flow OS Summary
  7. Flow Log
  8. Flow Messages
  9. Flow Suppressed Messages



----------------
; Legal Notice ;
----------------
Copyright (C) 2018  Intel Corporation. All rights reserved.
Your use of Intel Corporation's design tools, logic functions 
and other software and tools, and its AMPP partner logic 
functions, and any output files from any of the foregoing 
(including device programming or simulation files), and any 
associated documentation or information are expressly subject 
to the terms and conditions of the Intel Program License 
Subscription Agreement, the Intel Quartus Prime License Agreement,
the Intel FPGA IP License Agreement, or other applicable license
agreement, including, without limitation, that your use is for
the sole purpose of programming logic devices manufactured by
Intel and sold by Intel or its authorized distributors.  Please
refer to the applicable agreement for further details.



+-------------------------------------------------------------------------------+
; Flow Summary                                                                  ;
+---------------------------------+---------------------------------------------+
; Flow Status                     ; Successful - Sat Nov 03 12:02:07 2018       ;
; Quartus Prime Version           ; 18.1.0 Build 625 09/12/2018 SJ Lite Edition ;
; Revision Name                   ; FPALU                                       ;
; Top-level Entity Name           ; FPALU                                       ;
; Family                          ; Cyclone V                                   ;
; Device                          ; 5CSEMA5F31C6                                ;
; Timing Models                   ; Final                                       ;
; Logic utilization (in ALMs)     ; 374 / 32,070 ( 1 % )                        ;
; Total registers                 ; 960                                         ;
; Total pins                      ; 102 / 457 ( 22 % )                          ;
; Total virtual pins              ; 0                                           ;
; Total block memory bits         ; 0 / 4,065,280 ( 0 % )                       ;
; Total DSP Blocks                ; 0 / 87 ( 0 % )                              ;
; Total HSSI RX PCSs              ; 0                                           ;
; Total HSSI PMA RX Deserializers ; 0                                           ;
; Total HSSI TX PCSs              ; 0                                           ;
; Total HSSI PMA TX Serializers   ; 0                                           ;
; Total PLLs                      ; 0 / 6 ( 0 % )                               ;
; Total DLLs                      ; 0 / 4 ( 0 % )                               ;
+---------------------------------+---------------------------------------------+


+-----------------------------------------+
; Flow Settings                           ;
+-------------------+---------------------+
; Option            ; Setting             ;
+-------------------+---------------------+
; Start date & time ; 11/03/2018 11:50:38 ;
; Main task         ; Compilation         ;
; Revision Name     ; FPALU               ;
+-------------------+---------------------+


+------------------------------------------------------------------------------------------------------------------------------+
; Flow Non-Default Global Settings                                                                                             ;
+--------------------------------------+----------------------------------------+---------------+-------------+----------------+
; Assignment Name                      ; Value                                  ; Default Value ; Entity Name ; Section Id     ;
+--------------------------------------+----------------------------------------+---------------+-------------+----------------+
; COMPILER_SIGNATURE_ID                ; 93180994735871.154125663820296         ; --            ; --          ; --             ;
; EDA_DESIGN_INSTANCE_NAME             ; NA                                     ; --            ; --          ; TopDE_tb       ;
; EDA_DESIGN_INSTANCE_NAME             ; NA                                     ; --            ; --          ; FPALU_tb       ;
; EDA_NATIVELINK_SIMULATION_TEST_BENCH ; FPALU_tb                               ; --            ; --          ; eda_simulation ;
; EDA_OUTPUT_DATA_FORMAT               ; Systemverilog Hdl                      ; --            ; --          ; eda_simulation ;
; EDA_SIMULATION_TOOL                  ; ModelSim-Altera (SystemVerilog)        ; <None>        ; --          ; --             ;
; EDA_TEST_BENCH_ENABLE_STATUS         ; TEST_BENCH_MODE                        ; --            ; --          ; eda_simulation ;
; EDA_TEST_BENCH_FILE                  ; TopDE_tb.v                             ; --            ; --          ; TopDE_tb       ;
; EDA_TEST_BENCH_FILE                  ; FPALU_tb.v                             ; --            ; --          ; FPALU_tb       ;
; EDA_TEST_BENCH_MODULE_NAME           ; TopDE_tb                               ; --            ; --          ; TopDE_tb       ;
; EDA_TEST_BENCH_MODULE_NAME           ; FPALU_tb                               ; --            ; --          ; FPALU_tb       ;
; EDA_TEST_BENCH_NAME                  ; FPALU_tb                               ; --            ; --          ; eda_simulation ;
; EDA_TEST_BENCH_NAME                  ; TopDE_tb                               ; --            ; --          ; eda_simulation ;
; EDA_TIME_SCALE                       ; 1 ps                                   ; --            ; --          ; eda_simulation ;
; MAX_CORE_JUNCTION_TEMP               ; 85                                     ; --            ; --          ; --             ;
; MIN_CORE_JUNCTION_TEMP               ; 0                                      ; --            ; --          ; --             ;
; MISC_FILE                            ; add_sub.bsf                            ; --            ; --          ; --             ;
; MISC_FILE                            ; add_sub_inst.v                         ; --            ; --          ; --             ;
; MISC_FILE                            ; add_sub_bb.v                           ; --            ; --          ; --             ;
; PARTITION_COLOR                      ; -- (Not supported for targeted family) ; --            ; --          ; Top            ;
; PARTITION_FITTER_PRESERVATION_LEVEL  ; -- (Not supported for targeted family) ; --            ; --          ; Top            ;
; PARTITION_NETLIST_TYPE               ; -- (Not supported for targeted family) ; --            ; --          ; Top            ;
; POWER_BOARD_THERMAL_MODEL            ; None (CONSERVATIVE)                    ; --            ; --          ; --             ;
; POWER_PRESET_COOLING_SOLUTION        ; 23 MM HEAT SINK WITH 200 LFPM AIRFLOW  ; --            ; --          ; --             ;
; PROJECT_OUTPUT_DIRECTORY             ; output_files                           ; --            ; --          ; --             ;
; SMART_RECOMPILE                      ; On                                     ; Off           ; --          ; --             ;
; VERILOG_INPUT_VERSION                ; SystemVerilog_2005                     ; Verilog_2001  ; --          ; --             ;
; VERILOG_SHOW_LMF_MAPPING_MESSAGES    ; Off                                    ; --            ; --          ; --             ;
+--------------------------------------+----------------------------------------+---------------+-------------+----------------+


+--------------------------------------------------------------------------------------------------------------------------+
; Flow Elapsed Time                                                                                                        ;
+----------------------+--------------+-------------------------+---------------------+------------------------------------+
; Module Name          ; Elapsed Time ; Average Processors Used ; Peak Virtual Memory ; Total CPU Time (on all processors) ;
+----------------------+--------------+-------------------------+---------------------+------------------------------------+
; Analysis & Synthesis ; 00:00:17     ; 1.0                     ; 4952 MB             ; 00:00:24                           ;
; Fitter               ; 00:00:58     ; 1.1                     ; 6882 MB             ; 00:02:54                           ;
; Assembler            ; 00:00:08     ; 1.0                     ; 4862 MB             ; 00:00:06                           ;
; Timing Analyzer      ; 00:00:06     ; 1.5                     ; 5204 MB             ; 00:00:08                           ;
; EDA Netlist Writer   ; 00:00:02     ; 1.0                     ; 4780 MB             ; 00:00:02                           ;
; EDA Netlist Writer   ; 00:00:02     ; 1.0                     ; 4741 MB             ; 00:00:01                           ;
; EDA Netlist Writer   ; 00:00:01     ; 1.0                     ; 4742 MB             ; 00:00:01                           ;
; EDA Netlist Writer   ; 00:00:01     ; 1.0                     ; 4754 MB             ; 00:00:01                           ;
; Total                ; 00:01:35     ; --                      ; --                  ; 00:03:37                           ;
+----------------------+--------------+-------------------------+---------------------+------------------------------------+


+------------------------------------------------------------------------------------+
; Flow OS Summary                                                                    ;
+----------------------+------------------+------------+------------+----------------+
; Module Name          ; Machine Hostname ; OS Name    ; OS Version ; Processor type ;
+----------------------+------------------+------------+------------+----------------+
; Analysis & Synthesis ; Dell_Edu         ; Windows 10 ; 10.0       ; x86_64         ;
; Fitter               ; Dell_Edu         ; Windows 10 ; 10.0       ; x86_64         ;
; Assembler            ; Dell_Edu         ; Windows 10 ; 10.0       ; x86_64         ;
; Timing Analyzer      ; Dell_Edu         ; Windows 10 ; 10.0       ; x86_64         ;
; EDA Netlist Writer   ; Dell_Edu         ; Windows 10 ; 10.0       ; x86_64         ;
; EDA Netlist Writer   ; Dell_Edu         ; Windows 10 ; 10.0       ; x86_64         ;
; EDA Netlist Writer   ; Dell_Edu         ; Windows 10 ; 10.0       ; x86_64         ;
; EDA Netlist Writer   ; Dell_Edu         ; Windows 10 ; 10.0       ; x86_64         ;
+----------------------+------------------+------------+------------+----------------+


------------
; Flow Log ;
------------
quartus_map --read_settings_files=on --write_settings_files=off FPALU -c FPALU
quartus_fit --read_settings_files=off --write_settings_files=off FPALU -c FPALU
quartus_asm --read_settings_files=off --write_settings_files=off FPALU -c FPALU
quartus_sta FPALU -c FPALU
quartus_eda --read_settings_files=off --write_settings_files=off FPALU -c FPALU
quartus_eda --gen_testbench --tool=modelsim_oem --format=verilog --write_settings_files=off FPALU -c FPALU --vector_source=D:/Documentos/UnB/OAC_Lamar/Work/Trabs-e-Labs-OAC-2018.2/Lab2/Files/FPALU_restored/Waveform.vwf --testbench_file=D:/Documentos/UnB/OAC_Lamar/Work/Trabs-e-Labs-OAC-2018.2/Lab2/Files/FPALU_restored/simulation/qsim/Waveform.vwf.vt
quartus_eda --gen_testbench --tool=modelsim_oem --format=verilog --write_settings_files=off FPALU -c FPALU --vector_source=D:/Documentos/UnB/OAC_Lamar/Work/Trabs-e-Labs-OAC-2018.2/Lab2/Files/FPALU_restored/WfFPADD.vwf --testbench_file=D:/Documentos/UnB/OAC_Lamar/Work/Trabs-e-Labs-OAC-2018.2/Lab2/Files/FPALU_restored/simulation/qsim/WfFPADD.vwf.vt
quartus_eda --write_settings_files=off --simulation=on --functional=on --flatten_buses=off --tool=modelsim_oem --format=verilog --output_directory=D:/Documentos/UnB/OAC_Lamar/Work/Trabs-e-Labs-OAC-2018.2/Lab2/Files/FPALU_restored/simulation/qsim/ FPALU -c FPALU



