Flow report for TopDE
Wed Nov 14 16:55:17 2018
Quartus Prime Version 18.1.0 Build 625 09/12/2018 SJ Lite Edition


---------------------
; Table of Contents ;
---------------------
  1. Legal Notice
  2. Flow Summary
  3. Flow Settings
  4. Flow Non-Default Global Settings
  5. Flow Elapsed Time
  6. Flow OS Summary
  7. Flow Log
  8. Flow Messages
  9. Flow Suppressed Messages



----------------
; Legal Notice ;
----------------
Copyright (C) 2018  Intel Corporation. All rights reserved.
Your use of Intel Corporation's design tools, logic functions 
and other software and tools, and its AMPP partner logic 
functions, and any output files from any of the foregoing 
(including device programming or simulation files), and any 
associated documentation or information are expressly subject 
to the terms and conditions of the Intel Program License 
Subscription Agreement, the Intel Quartus Prime License Agreement,
the Intel FPGA IP License Agreement, or other applicable license
agreement, including, without limitation, that your use is for
the sole purpose of programming logic devices manufactured by
Intel and sold by Intel or its authorized distributors.  Please
refer to the applicable agreement for further details.



+-------------------------------------------------------------------------------+
; Flow Summary                                                                  ;
+---------------------------------+---------------------------------------------+
; Flow Status                     ; Successful - Wed Nov 14 16:55:16 2018       ;
; Quartus Prime Version           ; 18.1.0 Build 625 09/12/2018 SJ Lite Edition ;
; Revision Name                   ; TopDE                                       ;
; Top-level Entity Name           ; TopDE                                       ;
; Family                          ; Cyclone V                                   ;
; Device                          ; 5CSEMA5F31C6                                ;
; Timing Models                   ; Final                                       ;
; Logic utilization (in ALMs)     ; 9,664 / 32,070 ( 30 % )                     ;
; Total registers                 ; 5950                                        ;
; Total pins                      ; 260 / 457 ( 57 % )                          ;
; Total virtual pins              ; 306                                         ;
; Total block memory bits         ; 2,214,644 / 4,065,280 ( 54 % )              ;
; Total DSP Blocks                ; 28 / 87 ( 32 % )                            ;
; Total HSSI RX PCSs              ; 0                                           ;
; Total HSSI PMA RX Deserializers ; 0                                           ;
; Total HSSI TX PCSs              ; 0                                           ;
; Total HSSI PMA TX Serializers   ; 0                                           ;
; Total PLLs                      ; 2 / 6 ( 33 % )                              ;
; Total DLLs                      ; 0 / 4 ( 0 % )                               ;
+---------------------------------+---------------------------------------------+


+-----------------------------------------+
; Flow Settings                           ;
+-------------------+---------------------+
; Option            ; Setting             ;
+-------------------+---------------------+
; Start date & time ; 11/14/2018 16:26:06 ;
; Main task         ; Compilation         ;
; Revision Name     ; TopDE               ;
+-------------------+---------------------+


+------------------------------------------------------------------------------------------------------------------------------+
; Flow Non-Default Global Settings                                                                                             ;
+--------------------------------------+----------------------------------------+---------------+-------------+----------------+
; Assignment Name                      ; Value                                  ; Default Value ; Entity Name ; Section Id     ;
+--------------------------------------+----------------------------------------+---------------+-------------+----------------+
; COMPILER_SIGNATURE_ID                ; 31032335929808.154221996416832         ; --            ; --          ; --             ;
; EDA_DESIGN_INSTANCE_NAME             ; NA                                     ; --            ; --          ; --             ;
; EDA_NATIVELINK_SIMULATION_TEST_BENCH ; TopDE                                  ; --            ; --          ; eda_simulation ;
; EDA_NETLIST_WRITER_OUTPUT_DIR        ; simulation/qsim                        ; --            ; --          ; eda_simulation ;
; EDA_OUTPUT_DATA_FORMAT               ; Verilog Hdl                            ; --            ; --          ; eda_simulation ;
; EDA_SIMULATION_TOOL                  ; ModelSim-Altera (Verilog)              ; <None>        ; --          ; --             ;
; EDA_TEST_BENCH_ENABLE_STATUS         ; TEST_BENCH_MODE                        ; --            ; --          ; eda_simulation ;
; EDA_TEST_BENCH_FILE                  ; Testes/TopDE_tb.v                      ; --            ; --          ; --             ;
; EDA_TEST_BENCH_MODULE_NAME           ; TopDE                                  ; --            ; --          ; --             ;
; EDA_TEST_BENCH_NAME                  ; TopDE                                  ; --            ; --          ; eda_simulation ;
; EDA_TIME_SCALE                       ; 1 ps                                   ; --            ; --          ; eda_simulation ;
; MAX_CORE_JUNCTION_TEMP               ; 85                                     ; --            ; --          ; --             ;
; MIN_CORE_JUNCTION_TEMP               ; 0                                      ; --            ; --          ; --             ;
; MISC_FILE                            ; FP_Arithmetic/mul_s/mul_s.bsf          ; --            ; --          ; --             ;
; MISC_FILE                            ; FP_Arithmetic/mul_s/mul_s_inst.v       ; --            ; --          ; --             ;
; MISC_FILE                            ; FP_Arithmetic/mul_s/mul_s_bb.v         ; --            ; --          ; --             ;
; MISC_FILE                            ; FP_Arithmetic/mul_s/mul_s.inc          ; --            ; --          ; --             ;
; MISC_FILE                            ; FP_Arithmetic/mul_s/mul_s.cmp          ; --            ; --          ; --             ;
; MISC_FILE                            ; FP_Arithmetic/mul_s/mul_s_syn.v        ; --            ; --          ; --             ;
; MISC_FILE                            ; FP_Arithmetic/cvt_w_s/cvt_w_s.bsf      ; --            ; --          ; --             ;
; MISC_FILE                            ; FP_Arithmetic/cvt_w_s/cvt_w_s_inst.v   ; --            ; --          ; --             ;
; MISC_FILE                            ; FP_Arithmetic/cvt_w_s/cvt_w_s_bb.v     ; --            ; --          ; --             ;
; MISC_FILE                            ; FP_Arithmetic/cvt_w_s/cvt_w_s.inc      ; --            ; --          ; --             ;
; MISC_FILE                            ; FP_Arithmetic/cvt_w_s/cvt_w_s.cmp      ; --            ; --          ; --             ;
; MISC_FILE                            ; FP_Arithmetic/cvt_w_s/cvt_w_s_syn.v    ; --            ; --          ; --             ;
; MISC_FILE                            ; FP_Arithmetic/cvt_s_w/cvt_s_w.bsf      ; --            ; --          ; --             ;
; MISC_FILE                            ; FP_Arithmetic/cvt_s_w/cvt_s_w_inst.v   ; --            ; --          ; --             ;
; MISC_FILE                            ; FP_Arithmetic/cvt_s_w/cvt_s_w_bb.v     ; --            ; --          ; --             ;
; MISC_FILE                            ; FP_Arithmetic/cvt_s_w/cvt_s_w.inc      ; --            ; --          ; --             ;
; MISC_FILE                            ; FP_Arithmetic/cvt_s_w/cvt_s_w.cmp      ; --            ; --          ; --             ;
; MISC_FILE                            ; FP_Arithmetic/cvt_s_w/cvt_s_w_syn.v    ; --            ; --          ; --             ;
; MISC_FILE                            ; FP_Arithmetic/c_comp/c_comp_bb.v       ; --            ; --          ; --             ;
; MISC_FILE                            ; FP_Arithmetic/c_comp/c_comp_syn.v      ; --            ; --          ; --             ;
; MISC_FILE                            ; FP_Arithmetic/add_sub/add_sub_bb.v     ; --            ; --          ; --             ;
; MISC_FILE                            ; FP_Arithmetic/add_sub/add_sub_syn.v    ; --            ; --          ; --             ;
; MISC_FILE                            ; Tempo/PLL_Main.cmp                     ; --            ; --          ; --             ;
; MISC_FILE                            ; VGA/VgaPll.cmp                         ; --            ; --          ; --             ;
; MISC_FILE                            ; FP_Arithmetic/sqrt_s/sqrt_s_bb.v       ; --            ; --          ; --             ;
; MISC_FILE                            ; FP_Arithmetic/sqrt_s/sqrt_s_syn.v      ; --            ; --          ; --             ;
; MISC_FILE                            ; FP_Arithmetic/div_s/div_s_bb.v         ; --            ; --          ; --             ;
; MISC_FILE                            ; FP_Arithmetic/div_s/div_s_syn.v        ; --            ; --          ; --             ;
; MISC_FILE                            ; FP_Arithmetic/abs_s/abs_s.bsf          ; --            ; --          ; --             ;
; MISC_FILE                            ; FP_Arithmetic/abs_s/abs_s_inst.v       ; --            ; --          ; --             ;
; MISC_FILE                            ; FP_Arithmetic/abs_s/abs_s_bb.v         ; --            ; --          ; --             ;
; MISC_FILE                            ; FP_Arithmetic/abs_s/abs_s.inc          ; --            ; --          ; --             ;
; MISC_FILE                            ; FP_Arithmetic/abs_s/abs_s.cmp          ; --            ; --          ; --             ;
; MISC_FILE                            ; FP_Arithmetic/abs_s/abs_s_syn.v        ; --            ; --          ; --             ;
; PARTITION_COLOR                      ; -- (Not supported for targeted family) ; --            ; --          ; Top            ;
; PARTITION_FITTER_PRESERVATION_LEVEL  ; -- (Not supported for targeted family) ; --            ; --          ; Top            ;
; PARTITION_NETLIST_TYPE               ; -- (Not supported for targeted family) ; --            ; --          ; Top            ;
; POWER_BOARD_THERMAL_MODEL            ; None (CONSERVATIVE)                    ; --            ; --          ; --             ;
; POWER_PRESET_COOLING_SOLUTION        ; 23 MM HEAT SINK WITH 200 LFPM AIRFLOW  ; --            ; --          ; --             ;
; PROJECT_OUTPUT_DIRECTORY             ; output_files                           ; --            ; --          ; --             ;
; SEARCH_PATH                          ; tempo/pll_main                         ; --            ; --          ; --             ;
; SEARCH_PATH                          ; tempo                                  ; --            ; --          ; --             ;
; SEARCH_PATH                          ; memoria                                ; --            ; --          ; --             ;
; SYNTHESIS_ONLY_QIP                   ; On                                     ; --            ; --          ; --             ;
; SYNTHESIS_ONLY_QIP                   ; On                                     ; --            ; --          ; --             ;
; VERILOG_INPUT_VERSION                ; SystemVerilog_2005                     ; Verilog_2001  ; --          ; --             ;
; VERILOG_SHOW_LMF_MAPPING_MESSAGES    ; Off                                    ; --            ; --          ; --             ;
+--------------------------------------+----------------------------------------+---------------+-------------+----------------+


+--------------------------------------------------------------------------------------------------------------------------+
; Flow Elapsed Time                                                                                                        ;
+----------------------+--------------+-------------------------+---------------------+------------------------------------+
; Module Name          ; Elapsed Time ; Average Processors Used ; Peak Virtual Memory ; Total CPU Time (on all processors) ;
+----------------------+--------------+-------------------------+---------------------+------------------------------------+
; Analysis & Synthesis ; 00:04:44     ; 1.2                     ; 5108 MB             ; 00:02:52                           ;
; Fitter               ; 00:15:50     ; 1.2                     ; 6625 MB             ; 00:23:22                           ;
; Assembler            ; 00:00:43     ; 1.0                     ; 5066 MB             ; 00:00:23                           ;
; Timing Analyzer      ; 00:05:26     ; 1.3                     ; 6194 MB             ; 00:06:32                           ;
; EDA Netlist Writer   ; 00:00:42     ; 1.0                     ; 5190 MB             ; 00:00:14                           ;
; Total                ; 00:27:25     ; --                      ; --                  ; 00:33:23                           ;
+----------------------+--------------+-------------------------+---------------------+------------------------------------+


+------------------------------------------------------------------------------------+
; Flow OS Summary                                                                    ;
+----------------------+------------------+------------+------------+----------------+
; Module Name          ; Machine Hostname ; OS Name    ; OS Version ; Processor type ;
+----------------------+------------------+------------+------------+----------------+
; Analysis & Synthesis ; ALVIM-PC         ; Windows 10 ; 10.0       ; x86_64         ;
; Fitter               ; ALVIM-PC         ; Windows 10 ; 10.0       ; x86_64         ;
; Assembler            ; ALVIM-PC         ; Windows 10 ; 10.0       ; x86_64         ;
; Timing Analyzer      ; ALVIM-PC         ; Windows 10 ; 10.0       ; x86_64         ;
; EDA Netlist Writer   ; ALVIM-PC         ; Windows 10 ; 10.0       ; x86_64         ;
+----------------------+------------------+------------+------------+----------------+


------------
; Flow Log ;
------------
quartus_map --read_settings_files=on --write_settings_files=off RISC-V -c TopDE
quartus_fit --read_settings_files=off --write_settings_files=off RISC-V -c TopDE
quartus_asm --read_settings_files=off --write_settings_files=off RISC-V -c TopDE
quartus_sta RISC-V -c TopDE
quartus_eda --read_settings_files=off --write_settings_files=off RISC-V -c TopDE



